<?xml version="1.0" encoding="UTF-8"?>
<!-- Generated by org.testng.reporters.JUnitXMLReporter -->
<testsuite ignored="0" hostname="LAPTOP-ATI1PMBG" failures="0" tests="2" name="Default test" time="40.294" errors="0" timestamp="20 Sep 2021 16:20:37 GMT">
  <testcase classname="com.crm.autodesk.LeadTest.TC_11_CreateLeadTest" name="CreateLeadTest" time="15.478"/>
  <testcase classname="com.crm.autodesk.LeadTest.TC_11_CreateLeadTest" name="CreateLeadTest1" time="12.022"/>
</testsuite> <!-- Default test -->
