<?xml version="1.0" encoding="UTF-8"?>
<!-- Generated by org.testng.reporters.JUnitXMLReporter -->
<testsuite hostname="LAPTOP-ATI1PMBG" ignored="10" name="Command line test" tests="9" failures="2" timestamp="23 Sep 2021 04:58:43 GMT" time="153.186" errors="0">
  <testcase name="createcontactwithOrganization" time="2.519" classname="com.crm.autodesk.ContactsTest.TC_01_CreateWithOrganizationTest">
    <failure type="java.lang.NullPointerException">
      <![CDATA[java.lang.NullPointerException
at com.crm.autodesk.GenericLib.WebDriverUtility.waitForPageLoad(WebDriverUtility.java:28)
at com.crm.autodesk.ContactsTest.TC_01_CreateWithOrganizationTest.createcontactwithOrganization(TC_01_CreateWithOrganizationTest.java:37)
... Removed 35 stack frames]]>
    </failure>
  </testcase> <!-- createcontactwithOrganization -->
  <testcase name="CreateLeadTest" time="26.861" classname="com.crm.autodesk.LeadTest.TC_11_CreateLeadTest"/>
  <testcase name="CreateLeadTest" time="11.903" classname="com.crm.autodesk.LeadTest.TC_12_CreateLeadTest"/>
  <testcase name="CreateLeadTest" time="15.681" classname="com.crm.autodesk.LeadTest.TC_13_CreateLeadTest"/>
  <testcase name="CreateLeadTest" time="11.177" classname="com.crm.autodesk.LeadTest.TC_14_CreateLeadTest"/>
  <testcase name="CreateLeadTest" time="14.623" classname="com.crm.autodesk.LeadTest.TC_15_01_CreateLeadTest"/>
  <testcase name="CreateLeadTest" time="15.217" classname="com.crm.autodesk.LeadTest.TC_15_CreateLeadTest"/>
  <testcase name="contactTest" time="0.032" classname="practice.CreateContactTest">
    <failure type="java.lang.IllegalStateException" message="The path to the driver executable must be set by the webdriver.gecko.driver system property; for more information, see https://github.com/mozilla/geckodriver. The latest version can be downloaded from https://github.com/mozilla/geckodriver/releases">
      <![CDATA[java.lang.IllegalStateException: The path to the driver executable must be set by the webdriver.gecko.driver system property; for more information, see https://github.com/mozilla/geckodriver. The latest version can be downloaded from https://github.com/mozilla/geckodriver/releases
at com.google.common.base.Preconditions.checkState(Preconditions.java:847)
at org.openqa.selenium.remote.service.DriverService.findExecutable(DriverService.java:134)
at org.openqa.selenium.firefox.GeckoDriverService.access$100(GeckoDriverService.java:44)
at org.openqa.selenium.firefox.GeckoDriverService$Builder.findDefaultExecutable(GeckoDriverService.java:167)
at org.openqa.selenium.remote.service.DriverService$Builder.build(DriverService.java:355)
at org.openqa.selenium.firefox.FirefoxDriver.toExecutor(FirefoxDriver.java:190)
at org.openqa.selenium.firefox.FirefoxDriver.<init>(FirefoxDriver.java:147)
at org.openqa.selenium.firefox.FirefoxDriver.<init>(FirefoxDriver.java:125)
at practice.CreateContactTest.contactTest(CreateContactTest.java:23)
... Removed 35 stack frames]]>
    </failure>
  </testcase> <!-- contactTest -->
  <testcase name="sampleTest" time="2.357" classname="practice.Sample_MavenParameterTest"/>
  <testcase name="@BeforeSuite connectDB" time="0.0" classname="com.crm.autodesk.GenericLib.BaseClass">
    <ignored/>
  </testcase> <!-- @BeforeSuite connectDB -->
  <testcase name="@BeforeSuite connectDB" time="0.0" classname="com.crm.autodesk.GenericLib.BaseClass">
    <ignored/>
  </testcase> <!-- @BeforeSuite connectDB -->
  <testcase name="@BeforeSuite connectDB" time="0.0" classname="com.crm.autodesk.GenericLib.BaseClass">
    <ignored/>
  </testcase> <!-- @BeforeSuite connectDB -->
  <testcase name="@BeforeSuite connectDB" time="0.0" classname="com.crm.autodesk.GenericLib.BaseClass">
    <ignored/>
  </testcase> <!-- @BeforeSuite connectDB -->
  <testcase name="@BeforeSuite connectDB" time="0.0" classname="com.crm.autodesk.GenericLib.BaseClass">
    <ignored/>
  </testcase> <!-- @BeforeSuite connectDB -->
  <testcase name="@AfterSuite closeDB" time="0.0" classname="com.crm.autodesk.GenericLib.BaseClass">
    <ignored/>
  </testcase> <!-- @AfterSuite closeDB -->
  <testcase name="@AfterSuite closeDB" time="0.0" classname="com.crm.autodesk.GenericLib.BaseClass">
    <ignored/>
  </testcase> <!-- @AfterSuite closeDB -->
  <testcase name="@AfterSuite closeDB" time="0.0" classname="com.crm.autodesk.GenericLib.BaseClass">
    <ignored/>
  </testcase> <!-- @AfterSuite closeDB -->
  <testcase name="@AfterSuite closeDB" time="0.0" classname="com.crm.autodesk.GenericLib.BaseClass">
    <ignored/>
  </testcase> <!-- @AfterSuite closeDB -->
  <testcase name="@AfterSuite closeDB" time="0.0" classname="com.crm.autodesk.GenericLib.BaseClass">
    <ignored/>
  </testcase> <!-- @AfterSuite closeDB -->
</testsuite> <!-- Command line test -->
