<?xml version="1.0" encoding="UTF-8"?>
<testsuite xmlns:xsi="http://www.w3.org/2001/XMLSchema-instance" xsi:schemaLocation="https://maven.apache.org/surefire/maven-surefire-plugin/xsd/surefire-test-report.xsd" name="TestSuite" time="130.241" tests="6" errors="0" skipped="0" failures="0">
  <properties>
[...]
</properties>
  <testcase name="CreateLeadTest" classname="com.crm.autodesk.LeadTest.TC_11_CreateLeadTest" time="13.858"/>
  <testcase name="CreateLeadTest" classname="com.crm.autodesk.LeadTest.TC_12_CreateLeadTest" time="12.09"/>
  <testcase name="CreateLeadTest" classname="com.crm.autodesk.LeadTest.TC_13_CreateLeadTest" time="15.704"/>
  <testcase name="CreateLeadTest" classname="com.crm.autodesk.LeadTest.TC_14_CreateLeadTest" time="12.057"/>
  <testcase name="CreateLeadTest" classname="com.crm.autodesk.LeadTest.TC_15_CreateLeadTest" time="14.958"/>
  <testcase name="CreateLeadTest" classname="com.crm.autodesk.LeadTest.TC_15_01_CreateLeadTest" time="15.439"/>
</testsuite>