<?xml version="1.0" encoding="UTF-8"?>
<testng-results skipped="0" failed="0" ignored="10" total="16" passed="6">
  <reporter-output>
  </reporter-output>
  <suite name="Suite" duration-ms="128939" started-at="2021-09-23T05:11:10Z" finished-at="2021-09-23T05:13:19Z">
    <groups>
      <group name="RegressionSuite">
        <method signature="TC_15_01_CreateLeadTest.CreateLeadTest()[pri:0, instance:com.crm.autodesk.LeadTest.TC_15_01_CreateLeadTest@13deb50e]" name="CreateLeadTest" class="com.crm.autodesk.LeadTest.TC_15_01_CreateLeadTest"/>
        <method signature="TC_15_CreateLeadTest.CreateLeadTest()[pri:0, instance:com.crm.autodesk.LeadTest.TC_15_CreateLeadTest@f6c48ac]" name="CreateLeadTest" class="com.crm.autodesk.LeadTest.TC_15_CreateLeadTest"/>
      </group> <!-- RegressionSuite -->
      <group name="SmokeSuite">
        <method signature="TC_11_CreateLeadTest.CreateLeadTest()[pri:0, instance:com.crm.autodesk.LeadTest.TC_11_CreateLeadTest@146ba0ac]" name="CreateLeadTest" class="com.crm.autodesk.LeadTest.TC_11_CreateLeadTest"/>
        <method signature="TC_12_CreateLeadTest.CreateLeadTest()[pri:0, instance:com.crm.autodesk.LeadTest.TC_12_CreateLeadTest@4dfa3a9d]" name="CreateLeadTest" class="com.crm.autodesk.LeadTest.TC_12_CreateLeadTest"/>
        <method signature="TC_13_CreateLeadTest.CreateLeadTest()[pri:0, instance:com.crm.autodesk.LeadTest.TC_13_CreateLeadTest@6eebc39e]" name="CreateLeadTest" class="com.crm.autodesk.LeadTest.TC_13_CreateLeadTest"/>
        <method signature="TC_14_CreateLeadTest.CreateLeadTest()[pri:0, instance:com.crm.autodesk.LeadTest.TC_14_CreateLeadTest@464bee09]" name="CreateLeadTest" class="com.crm.autodesk.LeadTest.TC_14_CreateLeadTest"/>
      </group> <!-- SmokeSuite -->
    </groups>
    <test name="Test" duration-ms="128939" started-at="2021-09-23T05:11:10Z" finished-at="2021-09-23T05:13:19Z">
      <class name="com.crm.autodesk.LeadTest.TC_13_CreateLeadTest">
        <test-method status="PASS" signature="launchBrowser()[pri:0, instance:com.crm.autodesk.LeadTest.TC_13_CreateLeadTest@6eebc39e]" name="launchBrowser" is-config="true" duration-ms="2540" started-at="2021-09-23T05:11:52Z" finished-at="2021-09-23T05:11:54Z">
          <reporter-output>
          </reporter-output>
        </test-method> <!-- launchBrowser -->
        <test-method status="PASS" signature="loginToApp()[pri:0, instance:com.crm.autodesk.LeadTest.TC_13_CreateLeadTest@6eebc39e]" name="loginToApp" is-config="true" duration-ms="3259" started-at="2021-09-23T05:11:54Z" finished-at="2021-09-23T05:11:57Z">
          <reporter-output>
          </reporter-output>
        </test-method> <!-- loginToApp -->
        <test-method status="PASS" signature="CreateLeadTest()[pri:0, instance:com.crm.autodesk.LeadTest.TC_13_CreateLeadTest@6eebc39e]" name="CreateLeadTest" duration-ms="15397" started-at="2021-09-23T05:11:57Z" finished-at="2021-09-23T05:12:13Z">
          <reporter-output>
          </reporter-output>
        </test-method> <!-- CreateLeadTest -->
        <test-method status="PASS" signature="logoutOfApp()[pri:0, instance:com.crm.autodesk.LeadTest.TC_13_CreateLeadTest@6eebc39e]" name="logoutOfApp" is-config="true" duration-ms="1491" started-at="2021-09-23T05:12:13Z" finished-at="2021-09-23T05:12:15Z">
          <reporter-output>
          </reporter-output>
        </test-method> <!-- logoutOfApp -->
        <test-method status="PASS" signature="closeBrowser()[pri:0, instance:com.crm.autodesk.LeadTest.TC_13_CreateLeadTest@6eebc39e]" name="closeBrowser" is-config="true" duration-ms="102" started-at="2021-09-23T05:12:15Z" finished-at="2021-09-23T05:12:15Z">
          <reporter-output>
          </reporter-output>
        </test-method> <!-- closeBrowser -->
      </class> <!-- com.crm.autodesk.LeadTest.TC_13_CreateLeadTest -->
      <class name="com.crm.autodesk.LeadTest.TC_15_01_CreateLeadTest">
        <test-method status="PASS" signature="launchBrowser()[pri:0, instance:com.crm.autodesk.LeadTest.TC_15_01_CreateLeadTest@13deb50e]" name="launchBrowser" is-config="true" duration-ms="2531" started-at="2021-09-23T05:12:56Z" finished-at="2021-09-23T05:12:59Z">
          <reporter-output>
          </reporter-output>
        </test-method> <!-- launchBrowser -->
        <test-method status="PASS" signature="loginToApp()[pri:0, instance:com.crm.autodesk.LeadTest.TC_15_01_CreateLeadTest@13deb50e]" name="loginToApp" is-config="true" duration-ms="3315" started-at="2021-09-23T05:12:59Z" finished-at="2021-09-23T05:13:02Z">
          <reporter-output>
          </reporter-output>
        </test-method> <!-- loginToApp -->
        <test-method status="PASS" signature="CreateLeadTest()[pri:0, instance:com.crm.autodesk.LeadTest.TC_15_01_CreateLeadTest@13deb50e]" name="CreateLeadTest" duration-ms="15107" started-at="2021-09-23T05:13:02Z" finished-at="2021-09-23T05:13:17Z">
          <reporter-output>
          </reporter-output>
        </test-method> <!-- CreateLeadTest -->
        <test-method status="PASS" signature="logoutOfApp()[pri:0, instance:com.crm.autodesk.LeadTest.TC_15_01_CreateLeadTest@13deb50e]" name="logoutOfApp" is-config="true" duration-ms="1579" started-at="2021-09-23T05:13:18Z" finished-at="2021-09-23T05:13:19Z">
          <reporter-output>
          </reporter-output>
        </test-method> <!-- logoutOfApp -->
        <test-method status="PASS" signature="closeBrowser()[pri:0, instance:com.crm.autodesk.LeadTest.TC_15_01_CreateLeadTest@13deb50e]" name="closeBrowser" is-config="true" duration-ms="97" started-at="2021-09-23T05:13:19Z" finished-at="2021-09-23T05:13:19Z">
          <reporter-output>
          </reporter-output>
        </test-method> <!-- closeBrowser -->
      </class> <!-- com.crm.autodesk.LeadTest.TC_15_01_CreateLeadTest -->
      <class name="com.crm.autodesk.LeadTest.TC_12_CreateLeadTest">
        <test-method status="PASS" signature="launchBrowser()[pri:0, instance:com.crm.autodesk.LeadTest.TC_12_CreateLeadTest@4dfa3a9d]" name="launchBrowser" is-config="true" duration-ms="2463" started-at="2021-09-23T05:11:33Z" finished-at="2021-09-23T05:11:35Z">
          <reporter-output>
          </reporter-output>
        </test-method> <!-- launchBrowser -->
        <test-method status="PASS" signature="loginToApp()[pri:0, instance:com.crm.autodesk.LeadTest.TC_12_CreateLeadTest@4dfa3a9d]" name="loginToApp" is-config="true" duration-ms="2744" started-at="2021-09-23T05:11:35Z" finished-at="2021-09-23T05:11:38Z">
          <reporter-output>
          </reporter-output>
        </test-method> <!-- loginToApp -->
        <test-method status="PASS" signature="CreateLeadTest()[pri:0, instance:com.crm.autodesk.LeadTest.TC_12_CreateLeadTest@4dfa3a9d]" name="CreateLeadTest" duration-ms="11736" started-at="2021-09-23T05:11:38Z" finished-at="2021-09-23T05:11:50Z">
          <reporter-output>
          </reporter-output>
        </test-method> <!-- CreateLeadTest -->
        <test-method status="PASS" signature="logoutOfApp()[pri:0, instance:com.crm.autodesk.LeadTest.TC_12_CreateLeadTest@4dfa3a9d]" name="logoutOfApp" is-config="true" duration-ms="1580" started-at="2021-09-23T05:11:50Z" finished-at="2021-09-23T05:11:51Z">
          <reporter-output>
          </reporter-output>
        </test-method> <!-- logoutOfApp -->
        <test-method status="PASS" signature="closeBrowser()[pri:0, instance:com.crm.autodesk.LeadTest.TC_12_CreateLeadTest@4dfa3a9d]" name="closeBrowser" is-config="true" duration-ms="88" started-at="2021-09-23T05:11:51Z" finished-at="2021-09-23T05:11:52Z">
          <reporter-output>
          </reporter-output>
        </test-method> <!-- closeBrowser -->
      </class> <!-- com.crm.autodesk.LeadTest.TC_12_CreateLeadTest -->
      <class name="com.crm.autodesk.LeadTest.TC_11_CreateLeadTest">
        <test-method status="PASS" signature="connectDB()[pri:0, instance:com.crm.autodesk.LeadTest.TC_11_CreateLeadTest@146ba0ac]" name="connectDB" is-config="true" duration-ms="16" started-at="2021-09-23T05:11:10Z" finished-at="2021-09-23T05:11:10Z">
          <reporter-output>
          </reporter-output>
        </test-method> <!-- connectDB -->
        <test-method status="PASS" signature="launchBrowser()[pri:0, instance:com.crm.autodesk.LeadTest.TC_11_CreateLeadTest@146ba0ac]" name="launchBrowser" is-config="true" duration-ms="3546" started-at="2021-09-23T05:11:11Z" finished-at="2021-09-23T05:11:14Z">
          <reporter-output>
          </reporter-output>
        </test-method> <!-- launchBrowser -->
        <test-method status="PASS" signature="loginToApp()[pri:0, instance:com.crm.autodesk.LeadTest.TC_11_CreateLeadTest@146ba0ac]" name="loginToApp" is-config="true" duration-ms="2992" started-at="2021-09-23T05:11:14Z" finished-at="2021-09-23T05:11:17Z">
          <reporter-output>
          </reporter-output>
        </test-method> <!-- loginToApp -->
        <test-method status="PASS" signature="CreateLeadTest()[pri:0, instance:com.crm.autodesk.LeadTest.TC_11_CreateLeadTest@146ba0ac]" name="CreateLeadTest" duration-ms="13554" started-at="2021-09-23T05:11:17Z" finished-at="2021-09-23T05:11:31Z">
          <reporter-output>
          </reporter-output>
        </test-method> <!-- CreateLeadTest -->
        <test-method status="PASS" signature="logoutOfApp()[pri:0, instance:com.crm.autodesk.LeadTest.TC_11_CreateLeadTest@146ba0ac]" name="logoutOfApp" is-config="true" duration-ms="1466" started-at="2021-09-23T05:11:31Z" finished-at="2021-09-23T05:11:33Z">
          <reporter-output>
          </reporter-output>
        </test-method> <!-- logoutOfApp -->
        <test-method status="PASS" signature="closeBrowser()[pri:0, instance:com.crm.autodesk.LeadTest.TC_11_CreateLeadTest@146ba0ac]" name="closeBrowser" is-config="true" duration-ms="71" started-at="2021-09-23T05:11:33Z" finished-at="2021-09-23T05:11:33Z">
          <reporter-output>
          </reporter-output>
        </test-method> <!-- closeBrowser -->
        <test-method status="PASS" signature="closeDB()[pri:0, instance:com.crm.autodesk.LeadTest.TC_11_CreateLeadTest@146ba0ac]" name="closeDB" is-config="true" duration-ms="0" started-at="2021-09-23T05:13:20Z" finished-at="2021-09-23T05:13:20Z">
          <reporter-output>
          </reporter-output>
        </test-method> <!-- closeDB -->
      </class> <!-- com.crm.autodesk.LeadTest.TC_11_CreateLeadTest -->
      <class name="com.crm.autodesk.LeadTest.TC_14_CreateLeadTest">
        <test-method status="PASS" signature="launchBrowser()[pri:0, instance:com.crm.autodesk.LeadTest.TC_14_CreateLeadTest@464bee09]" name="launchBrowser" is-config="true" duration-ms="2480" started-at="2021-09-23T05:12:15Z" finished-at="2021-09-23T05:12:17Z">
          <reporter-output>
          </reporter-output>
        </test-method> <!-- launchBrowser -->
        <test-method status="PASS" signature="loginToApp()[pri:0, instance:com.crm.autodesk.LeadTest.TC_14_CreateLeadTest@464bee09]" name="loginToApp" is-config="true" duration-ms="3103" started-at="2021-09-23T05:12:17Z" finished-at="2021-09-23T05:12:20Z">
          <reporter-output>
          </reporter-output>
        </test-method> <!-- loginToApp -->
        <test-method status="PASS" signature="CreateLeadTest()[pri:0, instance:com.crm.autodesk.LeadTest.TC_14_CreateLeadTest@464bee09]" name="CreateLeadTest" duration-ms="11710" started-at="2021-09-23T05:12:20Z" finished-at="2021-09-23T05:12:32Z">
          <reporter-output>
          </reporter-output>
        </test-method> <!-- CreateLeadTest -->
        <test-method status="PASS" signature="logoutOfApp()[pri:0, instance:com.crm.autodesk.LeadTest.TC_14_CreateLeadTest@464bee09]" name="logoutOfApp" is-config="true" duration-ms="1601" started-at="2021-09-23T05:12:32Z" finished-at="2021-09-23T05:12:34Z">
          <reporter-output>
          </reporter-output>
        </test-method> <!-- logoutOfApp -->
        <test-method status="PASS" signature="closeBrowser()[pri:0, instance:com.crm.autodesk.LeadTest.TC_14_CreateLeadTest@464bee09]" name="closeBrowser" is-config="true" duration-ms="66" started-at="2021-09-23T05:12:34Z" finished-at="2021-09-23T05:12:34Z">
          <reporter-output>
          </reporter-output>
        </test-method> <!-- closeBrowser -->
      </class> <!-- com.crm.autodesk.LeadTest.TC_14_CreateLeadTest -->
      <class name="com.crm.autodesk.LeadTest.TC_15_CreateLeadTest">
        <test-method status="PASS" signature="launchBrowser()[pri:0, instance:com.crm.autodesk.LeadTest.TC_15_CreateLeadTest@f6c48ac]" name="launchBrowser" is-config="true" duration-ms="2572" started-at="2021-09-23T05:12:34Z" finished-at="2021-09-23T05:12:37Z">
          <reporter-output>
          </reporter-output>
        </test-method> <!-- launchBrowser -->
        <test-method status="PASS" signature="loginToApp()[pri:0, instance:com.crm.autodesk.LeadTest.TC_15_CreateLeadTest@f6c48ac]" name="loginToApp" is-config="true" duration-ms="3281" started-at="2021-09-23T05:12:37Z" finished-at="2021-09-23T05:12:40Z">
          <reporter-output>
          </reporter-output>
        </test-method> <!-- loginToApp -->
        <test-method status="PASS" signature="CreateLeadTest()[pri:0, instance:com.crm.autodesk.LeadTest.TC_15_CreateLeadTest@f6c48ac]" name="CreateLeadTest" duration-ms="14654" started-at="2021-09-23T05:12:40Z" finished-at="2021-09-23T05:12:54Z">
          <reporter-output>
          </reporter-output>
        </test-method> <!-- CreateLeadTest -->
        <test-method status="PASS" signature="logoutOfApp()[pri:0, instance:com.crm.autodesk.LeadTest.TC_15_CreateLeadTest@f6c48ac]" name="logoutOfApp" is-config="true" duration-ms="1535" started-at="2021-09-23T05:12:55Z" finished-at="2021-09-23T05:12:56Z">
          <reporter-output>
          </reporter-output>
        </test-method> <!-- logoutOfApp -->
        <test-method status="PASS" signature="closeBrowser()[pri:0, instance:com.crm.autodesk.LeadTest.TC_15_CreateLeadTest@f6c48ac]" name="closeBrowser" is-config="true" duration-ms="105" started-at="2021-09-23T05:12:56Z" finished-at="2021-09-23T05:12:56Z">
          <reporter-output>
          </reporter-output>
        </test-method> <!-- closeBrowser -->
      </class> <!-- com.crm.autodesk.LeadTest.TC_15_CreateLeadTest -->
    </test> <!-- Test -->
  </suite> <!-- Suite -->
</testng-results>
