<?xml version="1.0" encoding="UTF-8"?>
<testng-results ignored="0" total="2" passed="2" failed="0" skipped="0">
  <reporter-output>
  </reporter-output>
  <suite started-at="2021-09-20T17:04:09Z" name="Suite" finished-at="2021-09-20T17:04:54Z" duration-ms="45384">
    <groups>
      <group name="SmokeSuite">
        <method signature="TC_11_CreateLeadTest.CreateLeadTest()[pri:0, instance:com.crm.autodesk.LeadTest.TC_11_CreateLeadTest@2bb3058]" name="CreateLeadTest" class="com.crm.autodesk.LeadTest.TC_11_CreateLeadTest"/>
        <method signature="TC_11_CreateLeadTest.CreateLeadTest()[pri:0, instance:com.crm.autodesk.LeadTest.TC_11_CreateLeadTest@5bf0fe62]" name="CreateLeadTest" class="com.crm.autodesk.LeadTest.TC_11_CreateLeadTest"/>
      </group> <!-- SmokeSuite -->
    </groups>
    <test started-at="2021-09-20T17:04:09Z" name="Test1" finished-at="2021-09-20T17:04:32Z" duration-ms="23042">
      <class name="com.crm.autodesk.LeadTest.TC_11_CreateLeadTest">
        <test-method is-config="true" signature="launchBrowser()[pri:0, instance:com.crm.autodesk.LeadTest.TC_11_CreateLeadTest@2bb3058]" started-at="2021-09-20T17:04:09Z" name="launchBrowser" finished-at="2021-09-20T17:04:12Z" duration-ms="3619" status="PASS">
          <reporter-output>
          </reporter-output>
        </test-method> <!-- launchBrowser -->
        <test-method is-config="true" signature="loginToApp()[pri:0, instance:com.crm.autodesk.LeadTest.TC_11_CreateLeadTest@2bb3058]" started-at="2021-09-20T17:04:12Z" name="loginToApp" finished-at="2021-09-20T17:04:15Z" duration-ms="2872" status="PASS">
          <reporter-output>
          </reporter-output>
        </test-method> <!-- loginToApp -->
        <test-method signature="CreateLeadTest()[pri:0, instance:com.crm.autodesk.LeadTest.TC_11_CreateLeadTest@2bb3058]" started-at="2021-09-20T17:04:15Z" name="CreateLeadTest" finished-at="2021-09-20T17:04:30Z" duration-ms="14822" status="PASS">
          <reporter-output>
          </reporter-output>
        </test-method> <!-- CreateLeadTest -->
        <test-method is-config="true" signature="logoutOfApp()[pri:0, instance:com.crm.autodesk.LeadTest.TC_11_CreateLeadTest@2bb3058]" started-at="2021-09-20T17:04:30Z" name="logoutOfApp" finished-at="2021-09-20T17:04:32Z" duration-ms="1545" status="PASS">
          <reporter-output>
          </reporter-output>
        </test-method> <!-- logoutOfApp -->
        <test-method is-config="true" signature="closeBrowser()[pri:0, instance:com.crm.autodesk.LeadTest.TC_11_CreateLeadTest@2bb3058]" started-at="2021-09-20T17:04:32Z" name="closeBrowser" finished-at="2021-09-20T17:04:32Z" duration-ms="150" status="PASS">
          <reporter-output>
          </reporter-output>
        </test-method> <!-- closeBrowser -->
      </class> <!-- com.crm.autodesk.LeadTest.TC_11_CreateLeadTest -->
    </test> <!-- Test1 -->
    <test started-at="2021-09-20T17:04:32Z" name="Test2" finished-at="2021-09-20T17:04:54Z" duration-ms="22313">
      <class name="com.crm.autodesk.LeadTest.TC_11_CreateLeadTest">
        <test-method is-config="true" signature="connectDB()[pri:0, instance:com.crm.autodesk.LeadTest.TC_11_CreateLeadTest@5bf0fe62]" started-at="2021-09-20T17:04:09Z" name="connectDB" finished-at="2021-09-20T17:04:09Z" duration-ms="16" status="PASS">
          <reporter-output>
          </reporter-output>
        </test-method> <!-- connectDB -->
        <test-method is-config="true" signature="launchBrowser()[pri:0, instance:com.crm.autodesk.LeadTest.TC_11_CreateLeadTest@5bf0fe62]" started-at="2021-09-20T17:04:32Z" name="launchBrowser" finished-at="2021-09-20T17:04:34Z" duration-ms="2355" status="PASS">
          <reporter-output>
          </reporter-output>
        </test-method> <!-- launchBrowser -->
        <test-method is-config="true" signature="loginToApp()[pri:0, instance:com.crm.autodesk.LeadTest.TC_11_CreateLeadTest@5bf0fe62]" started-at="2021-09-20T17:04:34Z" name="loginToApp" finished-at="2021-09-20T17:04:37Z" duration-ms="3071" status="PASS">
          <reporter-output>
          </reporter-output>
        </test-method> <!-- loginToApp -->
        <test-method signature="CreateLeadTest()[pri:0, instance:com.crm.autodesk.LeadTest.TC_11_CreateLeadTest@5bf0fe62]" started-at="2021-09-20T17:04:37Z" name="CreateLeadTest" finished-at="2021-09-20T17:04:52Z" duration-ms="15166" status="PASS">
          <reporter-output>
          </reporter-output>
        </test-method> <!-- CreateLeadTest -->
        <test-method is-config="true" signature="logoutOfApp()[pri:0, instance:com.crm.autodesk.LeadTest.TC_11_CreateLeadTest@5bf0fe62]" started-at="2021-09-20T17:04:52Z" name="logoutOfApp" finished-at="2021-09-20T17:04:54Z" duration-ms="1575" status="PASS">
          <reporter-output>
          </reporter-output>
        </test-method> <!-- logoutOfApp -->
        <test-method is-config="true" signature="closeBrowser()[pri:0, instance:com.crm.autodesk.LeadTest.TC_11_CreateLeadTest@5bf0fe62]" started-at="2021-09-20T17:04:54Z" name="closeBrowser" finished-at="2021-09-20T17:04:54Z" duration-ms="142" status="PASS">
          <reporter-output>
          </reporter-output>
        </test-method> <!-- closeBrowser -->
        <test-method is-config="true" signature="closeDB()[pri:0, instance:com.crm.autodesk.LeadTest.TC_11_CreateLeadTest@5bf0fe62]" started-at="2021-09-20T17:04:54Z" name="closeDB" finished-at="2021-09-20T17:04:54Z" duration-ms="1" status="PASS">
          <reporter-output>
          </reporter-output>
        </test-method> <!-- closeDB -->
      </class> <!-- com.crm.autodesk.LeadTest.TC_11_CreateLeadTest -->
    </test> <!-- Test2 -->
  </suite> <!-- Suite -->
</testng-results>
