<?xml version="1.0" encoding="UTF-8"?>
<testng-results ignored="0" total="3" passed="3" failed="0" skipped="0">
  <reporter-output>
  </reporter-output>
  <suite started-at="2021-09-22T16:20:04Z" name="Suite" finished-at="2021-09-22T16:20:48Z" duration-ms="44142">
    <groups>
      <group name="SmokeSuite">
        <method signature="TC_14_CreateLeadTest.CreateLeadTest()[pri:0, instance:com.crm.autodesk.LeadTest.TC_14_CreateLeadTest@1e683a3e]" name="CreateLeadTest" class="com.crm.autodesk.LeadTest.TC_14_CreateLeadTest"/>
        <method signature="TC_14_CreateLeadTest.CreateLeadTest()[pri:0, instance:com.crm.autodesk.LeadTest.TC_14_CreateLeadTest@7133da86]" name="CreateLeadTest" class="com.crm.autodesk.LeadTest.TC_14_CreateLeadTest"/>
        <method signature="TC_14_CreateLeadTest.CreateLeadTest()[pri:0, instance:com.crm.autodesk.LeadTest.TC_14_CreateLeadTest@7fee8714]" name="CreateLeadTest" class="com.crm.autodesk.LeadTest.TC_14_CreateLeadTest"/>
      </group> <!-- SmokeSuite -->
    </groups>
    <test started-at="2021-09-22T16:20:04Z" name="TestRunner_3" finished-at="2021-09-22T16:20:46Z" duration-ms="42158">
      <class name="com.crm.autodesk.LeadTest.TC_14_CreateLeadTest">
        <test-method is-config="true" signature="connectDB()[pri:0, instance:com.crm.autodesk.LeadTest.TC_14_CreateLeadTest@7fee8714]" started-at="2021-09-22T16:20:03Z" name="connectDB" finished-at="2021-09-22T16:20:04Z" duration-ms="27" status="PASS">
          <reporter-output>
          </reporter-output>
        </test-method> <!-- connectDB -->
        <test-method is-config="true" signature="launchBrowser()[pri:0, instance:com.crm.autodesk.LeadTest.TC_14_CreateLeadTest@7fee8714]" started-at="2021-09-22T16:20:04Z" name="launchBrowser" finished-at="2021-09-22T16:20:10Z" duration-ms="5710" status="PASS">
          <reporter-output>
          </reporter-output>
        </test-method> <!-- launchBrowser -->
        <test-method is-config="true" signature="loginToApp()[pri:0, instance:com.crm.autodesk.LeadTest.TC_14_CreateLeadTest@7fee8714]" started-at="2021-09-22T16:20:10Z" name="loginToApp" finished-at="2021-09-22T16:20:14Z" duration-ms="4690" status="PASS">
          <reporter-output>
          </reporter-output>
        </test-method> <!-- loginToApp -->
        <test-method signature="CreateLeadTest()[pri:0, instance:com.crm.autodesk.LeadTest.TC_14_CreateLeadTest@7fee8714]" started-at="2021-09-22T16:20:14Z" name="CreateLeadTest" finished-at="2021-09-22T16:20:42Z" duration-ms="27809" status="PASS">
          <reporter-output>
          </reporter-output>
        </test-method> <!-- CreateLeadTest -->
        <test-method is-config="true" signature="logoutOfApp()[pri:0, instance:com.crm.autodesk.LeadTest.TC_14_CreateLeadTest@7fee8714]" started-at="2021-09-22T16:20:42Z" name="logoutOfApp" finished-at="2021-09-22T16:20:46Z" duration-ms="3003" status="PASS">
          <reporter-output>
          </reporter-output>
        </test-method> <!-- logoutOfApp -->
        <test-method is-config="true" signature="closeBrowser()[pri:0, instance:com.crm.autodesk.LeadTest.TC_14_CreateLeadTest@7fee8714]" started-at="2021-09-22T16:20:46Z" name="closeBrowser" finished-at="2021-09-22T16:20:46Z" duration-ms="183" status="PASS">
          <reporter-output>
          </reporter-output>
        </test-method> <!-- closeBrowser -->
        <test-method is-config="true" signature="closeDB()[pri:0, instance:com.crm.autodesk.LeadTest.TC_14_CreateLeadTest@7fee8714]" started-at="2021-09-22T16:20:48Z" name="closeDB" finished-at="2021-09-22T16:20:48Z" duration-ms="1" status="PASS">
          <reporter-output>
          </reporter-output>
        </test-method> <!-- closeDB -->
      </class> <!-- com.crm.autodesk.LeadTest.TC_14_CreateLeadTest -->
    </test> <!-- TestRunner_3 -->
    <test started-at="2021-09-22T16:20:04Z" name="TestRunner_2" finished-at="2021-09-22T16:20:47Z" duration-ms="43936">
      <class name="com.crm.autodesk.LeadTest.TC_14_CreateLeadTest">
        <test-method is-config="true" signature="launchBrowser()[pri:0, instance:com.crm.autodesk.LeadTest.TC_14_CreateLeadTest@7133da86]" started-at="2021-09-22T16:20:04Z" name="launchBrowser" finished-at="2021-09-22T16:20:09Z" duration-ms="4886" status="PASS">
          <reporter-output>
          </reporter-output>
        </test-method> <!-- launchBrowser -->
        <test-method is-config="true" signature="loginToApp()[pri:0, instance:com.crm.autodesk.LeadTest.TC_14_CreateLeadTest@7133da86]" started-at="2021-09-22T16:20:09Z" name="loginToApp" finished-at="2021-09-22T16:20:15Z" duration-ms="6392" status="PASS">
          <reporter-output>
          </reporter-output>
        </test-method> <!-- loginToApp -->
        <test-method signature="CreateLeadTest()[pri:0, instance:com.crm.autodesk.LeadTest.TC_14_CreateLeadTest@7133da86]" started-at="2021-09-22T16:20:15Z" name="CreateLeadTest" finished-at="2021-09-22T16:20:44Z" duration-ms="28393" status="PASS">
          <reporter-output>
          </reporter-output>
        </test-method> <!-- CreateLeadTest -->
        <test-method is-config="true" signature="logoutOfApp()[pri:0, instance:com.crm.autodesk.LeadTest.TC_14_CreateLeadTest@7133da86]" started-at="2021-09-22T16:20:44Z" name="logoutOfApp" finished-at="2021-09-22T16:20:47Z" duration-ms="2948" status="PASS">
          <reporter-output>
          </reporter-output>
        </test-method> <!-- logoutOfApp -->
        <test-method is-config="true" signature="closeBrowser()[pri:0, instance:com.crm.autodesk.LeadTest.TC_14_CreateLeadTest@7133da86]" started-at="2021-09-22T16:20:47Z" name="closeBrowser" finished-at="2021-09-22T16:20:47Z" duration-ms="501" status="PASS">
          <reporter-output>
          </reporter-output>
        </test-method> <!-- closeBrowser -->
      </class> <!-- com.crm.autodesk.LeadTest.TC_14_CreateLeadTest -->
    </test> <!-- TestRunner_2 -->
    <test started-at="2021-09-22T16:20:04Z" name="TestRunner_1" finished-at="2021-09-22T16:20:48Z" duration-ms="44142">
      <class name="com.crm.autodesk.LeadTest.TC_14_CreateLeadTest">
        <test-method is-config="true" signature="launchBrowser()[pri:0, instance:com.crm.autodesk.LeadTest.TC_14_CreateLeadTest@1e683a3e]" started-at="2021-09-22T16:20:04Z" name="launchBrowser" finished-at="2021-09-22T16:20:10Z" duration-ms="5752" status="PASS">
          <reporter-output>
          </reporter-output>
        </test-method> <!-- launchBrowser -->
        <test-method is-config="true" signature="loginToApp()[pri:0, instance:com.crm.autodesk.LeadTest.TC_14_CreateLeadTest@1e683a3e]" started-at="2021-09-22T16:20:10Z" name="loginToApp" finished-at="2021-09-22T16:20:15Z" duration-ms="5515" status="PASS">
          <reporter-output>
          </reporter-output>
        </test-method> <!-- loginToApp -->
        <test-method signature="CreateLeadTest()[pri:0, instance:com.crm.autodesk.LeadTest.TC_14_CreateLeadTest@1e683a3e]" started-at="2021-09-22T16:20:15Z" name="CreateLeadTest" finished-at="2021-09-22T16:20:43Z" duration-ms="28280" status="PASS">
          <reporter-output>
          </reporter-output>
        </test-method> <!-- CreateLeadTest -->
        <test-method is-config="true" signature="logoutOfApp()[pri:0, instance:com.crm.autodesk.LeadTest.TC_14_CreateLeadTest@1e683a3e]" started-at="2021-09-22T16:20:44Z" name="logoutOfApp" finished-at="2021-09-22T16:20:47Z" duration-ms="3358" status="PASS">
          <reporter-output>
          </reporter-output>
        </test-method> <!-- logoutOfApp -->
        <test-method is-config="true" signature="closeBrowser()[pri:0, instance:com.crm.autodesk.LeadTest.TC_14_CreateLeadTest@1e683a3e]" started-at="2021-09-22T16:20:47Z" name="closeBrowser" finished-at="2021-09-22T16:20:48Z" duration-ms="500" status="PASS">
          <reporter-output>
          </reporter-output>
        </test-method> <!-- closeBrowser -->
      </class> <!-- com.crm.autodesk.LeadTest.TC_14_CreateLeadTest -->
    </test> <!-- TestRunner_1 -->
  </suite> <!-- Suite -->
</testng-results>
